[2.783s] Invoking command in '/home/raspi/mpmc_ws/src/sensor': PYTHONPATH=/home/raspi/mpmc_ws/build/sensor/prefix_override:/home/raspi/mpmc_ws/install/sensor/lib/python3.10/site-packages:${PYTHONPATH} /usr/bin/python3 setup.py egg_info --egg-base ../../build/sensor build --build-base /home/raspi/mpmc_ws/build/sensor/build install --record /home/raspi/mpmc_ws/build/sensor/install.log --single-version-externally-managed
[3.655s] running egg_info
[3.657s] writing ../../build/sensor/sensor.egg-info/PKG-INFO
[3.658s] writing dependency_links to ../../build/sensor/sensor.egg-info/dependency_links.txt
[3.659s] writing entry points to ../../build/sensor/sensor.egg-info/entry_points.txt
[3.660s] writing requirements to ../../build/sensor/sensor.egg-info/requires.txt
[3.660s] writing top-level names to ../../build/sensor/sensor.egg-info/top_level.txt
[3.668s] reading manifest file '../../build/sensor/sensor.egg-info/SOURCES.txt'
[3.671s] writing manifest file '../../build/sensor/sensor.egg-info/SOURCES.txt'
[3.672s] running build
[3.672s] running build_py
[3.673s] copying sensor/motor_control.py -> /home/raspi/mpmc_ws/build/sensor/build/lib/sensor
[3.675s] running install
[3.676s] /usr/lib/python3/dist-packages/setuptools/command/install.py:34: SetuptoolsDeprecationWarning: setup.py install is deprecated. Use build and pip and other standards-based tools.
[3.676s]   warnings.warn(
[3.677s] running install_lib
[3.681s] copying /home/raspi/mpmc_ws/build/sensor/build/lib/sensor/motor_control.py -> /home/raspi/mpmc_ws/install/sensor/lib/python3.10/site-packages/sensor
[3.684s] byte-compiling /home/raspi/mpmc_ws/install/sensor/lib/python3.10/site-packages/sensor/motor_control.py to motor_control.cpython-310.pyc
[3.688s] running install_data
[3.690s] running install_egg_info
[3.696s] removing '/home/raspi/mpmc_ws/install/sensor/lib/python3.10/site-packages/sensor-0.0.0-py3.10.egg-info' (and everything under it)
[3.697s] Copying ../../build/sensor/sensor.egg-info to /home/raspi/mpmc_ws/install/sensor/lib/python3.10/site-packages/sensor-0.0.0-py3.10.egg-info
[3.702s] running install_scripts
[3.777s] Installing left_sensor script to /home/raspi/mpmc_ws/install/sensor/lib/sensor
[3.778s] Installing middle_sensor script to /home/raspi/mpmc_ws/install/sensor/lib/sensor
[3.779s] Installing motor_driver script to /home/raspi/mpmc_ws/install/sensor/lib/sensor
[3.780s] Installing right_sensor script to /home/raspi/mpmc_ws/install/sensor/lib/sensor
[3.782s] writing list of installed files to '/home/raspi/mpmc_ws/build/sensor/install.log'
[3.895s] Invoked command in '/home/raspi/mpmc_ws/src/sensor' returned '0': PYTHONPATH=/home/raspi/mpmc_ws/build/sensor/prefix_override:/home/raspi/mpmc_ws/install/sensor/lib/python3.10/site-packages:${PYTHONPATH} /usr/bin/python3 setup.py egg_info --egg-base ../../build/sensor build --build-base /home/raspi/mpmc_ws/build/sensor/build install --record /home/raspi/mpmc_ws/build/sensor/install.log --single-version-externally-managed
