running egg_info
creating ../../build/sensor/sensor.egg-info
writing ../../build/sensor/sensor.egg-info/PKG-INFO
writing dependency_links to ../../build/sensor/sensor.egg-info/dependency_links.txt
writing entry points to ../../build/sensor/sensor.egg-info/entry_points.txt
writing requirements to ../../build/sensor/sensor.egg-info/requires.txt
writing top-level names to ../../build/sensor/sensor.egg-info/top_level.txt
writing manifest file '../../build/sensor/sensor.egg-info/SOURCES.txt'
reading manifest file '../../build/sensor/sensor.egg-info/SOURCES.txt'
writing manifest file '../../build/sensor/sensor.egg-info/SOURCES.txt'
running build
running build_py
creating /home/raspi/mpmc_ws/build/sensor/build
creating /home/raspi/mpmc_ws/build/sensor/build/lib
creating /home/raspi/mpmc_ws/build/sensor/build/lib/sensor
copying sensor/US_left.py -> /home/raspi/mpmc_ws/build/sensor/build/lib/sensor
copying sensor/US_right.py -> /home/raspi/mpmc_ws/build/sensor/build/lib/sensor
copying sensor/__init__.py -> /home/raspi/mpmc_ws/build/sensor/build/lib/sensor
copying sensor/US_middle.py -> /home/raspi/mpmc_ws/build/sensor/build/lib/sensor
running install
running install_lib
creating /home/raspi/mpmc_ws/install/sensor/lib/python3.10/site-packages/sensor
copying /home/raspi/mpmc_ws/build/sensor/build/lib/sensor/US_left.py -> /home/raspi/mpmc_ws/install/sensor/lib/python3.10/site-packages/sensor
copying /home/raspi/mpmc_ws/build/sensor/build/lib/sensor/US_right.py -> /home/raspi/mpmc_ws/install/sensor/lib/python3.10/site-packages/sensor
copying /home/raspi/mpmc_ws/build/sensor/build/lib/sensor/__init__.py -> /home/raspi/mpmc_ws/install/sensor/lib/python3.10/site-packages/sensor
copying /home/raspi/mpmc_ws/build/sensor/build/lib/sensor/US_middle.py -> /home/raspi/mpmc_ws/install/sensor/lib/python3.10/site-packages/sensor
byte-compiling /home/raspi/mpmc_ws/install/sensor/lib/python3.10/site-packages/sensor/US_left.py to US_left.cpython-310.pyc
byte-compiling /home/raspi/mpmc_ws/install/sensor/lib/python3.10/site-packages/sensor/US_right.py to US_right.cpython-310.pyc
byte-compiling /home/raspi/mpmc_ws/install/sensor/lib/python3.10/site-packages/sensor/__init__.py to __init__.cpython-310.pyc
byte-compiling /home/raspi/mpmc_ws/install/sensor/lib/python3.10/site-packages/sensor/US_middle.py to US_middle.cpython-310.pyc
running install_data
creating /home/raspi/mpmc_ws/install/sensor/share/ament_index
creating /home/raspi/mpmc_ws/install/sensor/share/ament_index/resource_index
creating /home/raspi/mpmc_ws/install/sensor/share/ament_index/resource_index/packages
copying resource/sensor -> /home/raspi/mpmc_ws/install/sensor/share/ament_index/resource_index/packages
copying package.xml -> /home/raspi/mpmc_ws/install/sensor/share/sensor
running install_egg_info
Copying ../../build/sensor/sensor.egg-info to /home/raspi/mpmc_ws/install/sensor/lib/python3.10/site-packages/sensor-0.0.0-py3.10.egg-info
running install_scripts
Installing left_sensor script to /home/raspi/mpmc_ws/install/sensor/lib/sensor
Installing middle_sensor script to /home/raspi/mpmc_ws/install/sensor/lib/sensor
Installing right_sensor script to /home/raspi/mpmc_ws/install/sensor/lib/sensor
writing list of installed files to '/home/raspi/mpmc_ws/build/sensor/install.log'
