[3.320s] DEBUG:colcon:Command line arguments: ['/usr/bin/colcon', 'build']
[3.321s] DEBUG:colcon:Parsed command line arguments: Namespace(log_base=None, log_level=None, verb_name='build', build_base='build', install_base='install', merge_install=False, symlink_install=False, test_result_base=None, continue_on_error=False, executor='parallel', parallel_workers=4, event_handlers=None, ignore_user_meta=False, metas=['./colcon.meta'], base_paths=['.'], packages_ignore=None, packages_ignore_regex=None, paths=None, packages_up_to=None, packages_up_to_regex=None, packages_above=None, packages_above_and_dependencies=None, packages_above_depth=None, packages_select_by_dep=None, packages_skip_by_dep=None, packages_skip_up_to=None, packages_select_build_failed=False, packages_skip_build_finished=False, packages_select_test_failures=False, packages_skip_test_passed=False, packages_select=None, packages_skip=None, packages_select_regex=None, packages_skip_regex=None, packages_start=None, packages_end=None, allow_overriding=[], cmake_args=None, cmake_target=None, cmake_target_skip_unavailable=False, cmake_clean_cache=False, cmake_clean_first=False, cmake_force_configure=False, ament_cmake_args=None, catkin_cmake_args=None, catkin_skip_building_tests=False, verb_parser=<colcon_defaults.argument_parser.defaults.DefaultArgumentsDecorator object at 0xffffa79e80d0>, verb_extension=<colcon_core.verb.build.BuildVerb object at 0xffffa7cdf310>, main=<bound method BuildVerb.main of <colcon_core.verb.build.BuildVerb object at 0xffffa7cdf310>>)
[3.488s] Level 1:colcon.colcon_core.package_discovery:discover_packages(colcon_meta) check parameters
[3.488s] Level 1:colcon.colcon_core.package_discovery:discover_packages(recursive) check parameters
[3.489s] Level 1:colcon.colcon_core.package_discovery:discover_packages(ignore) check parameters
[3.489s] Level 1:colcon.colcon_core.package_discovery:discover_packages(path) check parameters
[3.489s] Level 1:colcon.colcon_core.package_discovery:discover_packages(colcon_meta) discover
[3.489s] Level 1:colcon.colcon_core.package_discovery:discover_packages(recursive) discover
[3.489s] INFO:colcon.colcon_core.package_discovery:Crawling recursively for packages in '/home/raspi/mpmc_ws'
[3.490s] Level 1:colcon.colcon_core.package_identification:_identify(.) by extensions ['ignore', 'ignore_ament_install']
[3.490s] Level 1:colcon.colcon_core.package_identification:_identify(.) by extension 'ignore'
[3.490s] Level 1:colcon.colcon_core.package_identification:_identify(.) by extension 'ignore_ament_install'
[3.490s] Level 1:colcon.colcon_core.package_identification:_identify(.) by extensions ['colcon_pkg']
[3.490s] Level 1:colcon.colcon_core.package_identification:_identify(.) by extension 'colcon_pkg'
[3.491s] Level 1:colcon.colcon_core.package_identification:_identify(.) by extensions ['colcon_meta']
[3.491s] Level 1:colcon.colcon_core.package_identification:_identify(.) by extension 'colcon_meta'
[3.491s] Level 1:colcon.colcon_core.package_identification:_identify(.) by extensions ['ros']
[3.491s] Level 1:colcon.colcon_core.package_identification:_identify(.) by extension 'ros'
[3.534s] Level 1:colcon.colcon_core.package_identification:_identify(.) by extensions ['cmake', 'python']
[3.534s] Level 1:colcon.colcon_core.package_identification:_identify(.) by extension 'cmake'
[3.534s] Level 1:colcon.colcon_core.package_identification:_identify(.) by extension 'python'
[3.534s] Level 1:colcon.colcon_core.package_identification:_identify(.) by extensions ['python_setup_py']
[3.534s] Level 1:colcon.colcon_core.package_identification:_identify(.) by extension 'python_setup_py'
[3.535s] Level 1:colcon.colcon_core.package_identification:_identify(build) by extensions ['ignore', 'ignore_ament_install']
[3.535s] Level 1:colcon.colcon_core.package_identification:_identify(build) by extension 'ignore'
[3.535s] Level 1:colcon.colcon_core.package_identification:_identify(build) ignored
[3.536s] Level 1:colcon.colcon_core.package_identification:_identify(install) by extensions ['ignore', 'ignore_ament_install']
[3.536s] Level 1:colcon.colcon_core.package_identification:_identify(install) by extension 'ignore'
[3.537s] Level 1:colcon.colcon_core.package_identification:_identify(install) ignored
[3.537s] Level 1:colcon.colcon_core.package_identification:_identify(log) by extensions ['ignore', 'ignore_ament_install']
[3.537s] Level 1:colcon.colcon_core.package_identification:_identify(log) by extension 'ignore'
[3.537s] Level 1:colcon.colcon_core.package_identification:_identify(log) ignored
[3.538s] Level 1:colcon.colcon_core.package_identification:_identify(src) by extensions ['ignore', 'ignore_ament_install']
[3.538s] Level 1:colcon.colcon_core.package_identification:_identify(src) by extension 'ignore'
[3.538s] Level 1:colcon.colcon_core.package_identification:_identify(src) by extension 'ignore_ament_install'
[3.538s] Level 1:colcon.colcon_core.package_identification:_identify(src) by extensions ['colcon_pkg']
[3.539s] Level 1:colcon.colcon_core.package_identification:_identify(src) by extension 'colcon_pkg'
[3.539s] Level 1:colcon.colcon_core.package_identification:_identify(src) by extensions ['colcon_meta']
[3.539s] Level 1:colcon.colcon_core.package_identification:_identify(src) by extension 'colcon_meta'
[3.539s] Level 1:colcon.colcon_core.package_identification:_identify(src) by extensions ['ros']
[3.539s] Level 1:colcon.colcon_core.package_identification:_identify(src) by extension 'ros'
[3.539s] Level 1:colcon.colcon_core.package_identification:_identify(src) by extensions ['cmake', 'python']
[3.540s] Level 1:colcon.colcon_core.package_identification:_identify(src) by extension 'cmake'
[3.540s] Level 1:colcon.colcon_core.package_identification:_identify(src) by extension 'python'
[3.540s] Level 1:colcon.colcon_core.package_identification:_identify(src) by extensions ['python_setup_py']
[3.540s] Level 1:colcon.colcon_core.package_identification:_identify(src) by extension 'python_setup_py'
[3.540s] Level 1:colcon.colcon_core.package_identification:_identify(src/sensor) by extensions ['ignore', 'ignore_ament_install']
[3.541s] Level 1:colcon.colcon_core.package_identification:_identify(src/sensor) by extension 'ignore'
[3.541s] Level 1:colcon.colcon_core.package_identification:_identify(src/sensor) by extension 'ignore_ament_install'
[3.541s] Level 1:colcon.colcon_core.package_identification:_identify(src/sensor) by extensions ['colcon_pkg']
[3.541s] Level 1:colcon.colcon_core.package_identification:_identify(src/sensor) by extension 'colcon_pkg'
[3.541s] Level 1:colcon.colcon_core.package_identification:_identify(src/sensor) by extensions ['colcon_meta']
[3.541s] Level 1:colcon.colcon_core.package_identification:_identify(src/sensor) by extension 'colcon_meta'
[3.542s] Level 1:colcon.colcon_core.package_identification:_identify(src/sensor) by extensions ['ros']
[3.542s] Level 1:colcon.colcon_core.package_identification:_identify(src/sensor) by extension 'ros'
[3.554s] DEBUG:colcon.colcon_core.package_identification:Package 'src/sensor' with type 'ros.ament_python' and name 'sensor'
[3.554s] Level 1:colcon.colcon_core.package_discovery:discover_packages(recursive) using defaults
[3.554s] Level 1:colcon.colcon_core.package_discovery:discover_packages(ignore) discover
[3.555s] Level 1:colcon.colcon_core.package_discovery:discover_packages(ignore) using defaults
[3.555s] Level 1:colcon.colcon_core.package_discovery:discover_packages(path) discover
[3.555s] Level 1:colcon.colcon_core.package_discovery:discover_packages(path) using defaults
[3.852s] Level 1:colcon.colcon_core.package_discovery:discover_packages(prefix_path) check parameters
[3.853s] Level 1:colcon.colcon_core.package_discovery:discover_packages(prefix_path) discover
[3.949s] DEBUG:colcon.colcon_installed_package_information.package_discovery:Found 1 installed packages in /home/raspi/mpmc_ws/install
[4.000s] DEBUG:colcon.colcon_installed_package_information.package_discovery:Found 180 installed packages in /opt/ros/humble
[4.004s] Level 1:colcon.colcon_core.package_discovery:discover_packages(prefix_path) using defaults
[4.259s] Level 5:colcon.colcon_core.verb:set package 'sensor' build argument 'cmake_args' from command line to 'None'
[4.260s] Level 5:colcon.colcon_core.verb:set package 'sensor' build argument 'cmake_target' from command line to 'None'
[4.260s] Level 5:colcon.colcon_core.verb:set package 'sensor' build argument 'cmake_target_skip_unavailable' from command line to 'False'
[4.260s] Level 5:colcon.colcon_core.verb:set package 'sensor' build argument 'cmake_clean_cache' from command line to 'False'
[4.260s] Level 5:colcon.colcon_core.verb:set package 'sensor' build argument 'cmake_clean_first' from command line to 'False'
[4.260s] Level 5:colcon.colcon_core.verb:set package 'sensor' build argument 'cmake_force_configure' from command line to 'False'
[4.260s] Level 5:colcon.colcon_core.verb:set package 'sensor' build argument 'ament_cmake_args' from command line to 'None'
[4.260s] Level 5:colcon.colcon_core.verb:set package 'sensor' build argument 'catkin_cmake_args' from command line to 'None'
[4.260s] Level 5:colcon.colcon_core.verb:set package 'sensor' build argument 'catkin_skip_building_tests' from command line to 'False'
[4.261s] DEBUG:colcon.colcon_core.verb:Building package 'sensor' with the following arguments: {'ament_cmake_args': None, 'build_base': '/home/raspi/mpmc_ws/build/sensor', 'catkin_cmake_args': None, 'catkin_skip_building_tests': False, 'cmake_args': None, 'cmake_clean_cache': False, 'cmake_clean_first': False, 'cmake_force_configure': False, 'cmake_target': None, 'cmake_target_skip_unavailable': False, 'install_base': '/home/raspi/mpmc_ws/install/sensor', 'merge_install': False, 'path': '/home/raspi/mpmc_ws/src/sensor', 'symlink_install': False, 'test_result_base': None}
[4.305s] INFO:colcon.colcon_core.executor:Executing jobs using 'parallel' executor
[4.353s] DEBUG:colcon.colcon_parallel_executor.executor.parallel:run_until_complete
[4.354s] INFO:colcon.colcon_ros.task.ament_python.build:Building ROS package in '/home/raspi/mpmc_ws/src/sensor' with build type 'ament_python'
[4.355s] Level 1:colcon.colcon_core.shell:create_environment_hook('sensor', 'ament_prefix_path')
[4.409s] INFO:colcon.colcon_core.plugin_system:Skipping extension 'colcon_core.shell.bat': Not used on non-Windows systems
[4.410s] INFO:colcon.colcon_core.shell:Creating environment hook '/home/raspi/mpmc_ws/install/sensor/share/sensor/hook/ament_prefix_path.ps1'
[4.413s] INFO:colcon.colcon_core.shell:Creating environment descriptor '/home/raspi/mpmc_ws/install/sensor/share/sensor/hook/ament_prefix_path.dsv'
[4.414s] INFO:colcon.colcon_core.shell:Creating environment hook '/home/raspi/mpmc_ws/install/sensor/share/sensor/hook/ament_prefix_path.sh'
[4.464s] INFO:colcon.colcon_core.shell:Skip shell extension 'powershell' for command environment: Not usable outside of PowerShell
[4.464s] DEBUG:colcon.colcon_core.shell:Skip shell extension 'dsv' for command environment
[5.561s] INFO:colcon.colcon_core.task.python.build:Building Python package in '/home/raspi/mpmc_ws/src/sensor'
[5.608s] INFO:colcon.colcon_core.shell:Skip shell extension 'powershell' for command environment: Not usable outside of PowerShell
[5.609s] DEBUG:colcon.colcon_core.shell:Skip shell extension 'dsv' for command environment
[7.102s] DEBUG:colcon.colcon_core.event_handler.log_command:Invoking command in '/home/raspi/mpmc_ws/src/sensor': PYTHONPATH=/home/raspi/mpmc_ws/build/sensor/prefix_override:/home/raspi/mpmc_ws/install/sensor/lib/python3.10/site-packages:${PYTHONPATH} /usr/bin/python3 setup.py egg_info --egg-base ../../build/sensor build --build-base /home/raspi/mpmc_ws/build/sensor/build install --record /home/raspi/mpmc_ws/build/sensor/install.log --single-version-externally-managed
[8.202s] DEBUG:colcon.colcon_core.event_handler.log_command:Invoked command in '/home/raspi/mpmc_ws/src/sensor' returned '0': PYTHONPATH=/home/raspi/mpmc_ws/build/sensor/prefix_override:/home/raspi/mpmc_ws/install/sensor/lib/python3.10/site-packages:${PYTHONPATH} /usr/bin/python3 setup.py egg_info --egg-base ../../build/sensor build --build-base /home/raspi/mpmc_ws/build/sensor/build install --record /home/raspi/mpmc_ws/build/sensor/install.log --single-version-externally-managed
[8.261s] Level 1:colcon.colcon_core.environment:checking '/home/raspi/mpmc_ws/install/sensor' for CMake module files
[8.264s] Level 1:colcon.colcon_core.environment:checking '/home/raspi/mpmc_ws/install/sensor' for CMake config files
[8.267s] Level 1:colcon.colcon_core.environment:checking '/home/raspi/mpmc_ws/install/sensor/lib'
[8.268s] Level 1:colcon.colcon_core.environment:checking '/home/raspi/mpmc_ws/install/sensor/bin'
[8.268s] Level 1:colcon.colcon_core.environment:checking '/home/raspi/mpmc_ws/install/sensor/lib/pkgconfig/sensor.pc'
[8.269s] Level 1:colcon.colcon_core.environment:checking '/home/raspi/mpmc_ws/install/sensor/lib/python3.10/site-packages'
[8.269s] Level 1:colcon.colcon_core.shell:create_environment_hook('sensor', 'pythonpath')
[8.317s] INFO:colcon.colcon_core.shell:Creating environment hook '/home/raspi/mpmc_ws/install/sensor/share/sensor/hook/pythonpath.ps1'
[8.366s] INFO:colcon.colcon_core.shell:Creating environment descriptor '/home/raspi/mpmc_ws/install/sensor/share/sensor/hook/pythonpath.dsv'
[8.370s] INFO:colcon.colcon_core.shell:Creating environment hook '/home/raspi/mpmc_ws/install/sensor/share/sensor/hook/pythonpath.sh'
[8.376s] Level 1:colcon.colcon_core.environment:checking '/home/raspi/mpmc_ws/install/sensor/bin'
[8.377s] Level 1:colcon.colcon_core.environment:create_environment_scripts_only(sensor)
[8.425s] INFO:colcon.colcon_core.shell:Creating package script '/home/raspi/mpmc_ws/install/sensor/share/sensor/package.ps1'
[8.429s] INFO:colcon.colcon_core.shell:Creating package descriptor '/home/raspi/mpmc_ws/install/sensor/share/sensor/package.dsv'
[8.431s] INFO:colcon.colcon_core.shell:Creating package script '/home/raspi/mpmc_ws/install/sensor/share/sensor/package.sh'
[8.434s] INFO:colcon.colcon_core.shell:Creating package script '/home/raspi/mpmc_ws/install/sensor/share/sensor/package.bash'
[8.438s] INFO:colcon.colcon_core.shell:Creating package script '/home/raspi/mpmc_ws/install/sensor/share/sensor/package.zsh'
[8.440s] Level 1:colcon.colcon_core.environment:create_file_with_runtime_dependencies(/home/raspi/mpmc_ws/install/sensor/share/colcon-core/packages/sensor)
[8.442s] DEBUG:colcon.colcon_parallel_executor.executor.parallel:closing loop
[8.443s] DEBUG:colcon.colcon_parallel_executor.executor.parallel:loop closed
[8.444s] DEBUG:colcon.colcon_parallel_executor.executor.parallel:run_until_complete finished with '0'
[8.444s] DEBUG:colcon.colcon_core.event_reactor:joining thread
[8.508s] INFO:colcon.colcon_core.plugin_system:Skipping extension 'colcon_notification.desktop_notification.notify_send': Could not find 'notify-send'
[8.509s] INFO:colcon.colcon_core.plugin_system:Skipping extension 'colcon_notification.desktop_notification.terminal_notifier': Not used on non-Darwin systems
[8.509s] INFO:colcon.colcon_core.plugin_system:Skipping extension 'colcon_notification.desktop_notification.win32': Not used on non-Windows systems
[8.509s] INFO:colcon.colcon_notification.desktop_notification:Sending desktop notification using 'notify2'
[8.512s] DEBUG:colcon.colcon_notification.desktop_notification.notify2:Failed to initialize notify2: org.freedesktop.DBus.Error.ServiceUnknown: The name org.freedesktop.Notifications was not provided by any .service files
[8.512s] DEBUG:colcon.colcon_core.event_reactor:joined thread
[8.561s] INFO:colcon.colcon_core.shell:Creating prefix script '/home/raspi/mpmc_ws/install/local_setup.ps1'
[8.565s] INFO:colcon.colcon_core.shell:Creating prefix util module '/home/raspi/mpmc_ws/install/_local_setup_util_ps1.py'
[8.570s] INFO:colcon.colcon_core.shell:Creating prefix chain script '/home/raspi/mpmc_ws/install/setup.ps1'
[8.619s] INFO:colcon.colcon_core.shell:Creating prefix script '/home/raspi/mpmc_ws/install/local_setup.sh'
[8.621s] INFO:colcon.colcon_core.shell:Creating prefix util module '/home/raspi/mpmc_ws/install/_local_setup_util_sh.py'
[8.623s] INFO:colcon.colcon_core.shell:Creating prefix chain script '/home/raspi/mpmc_ws/install/setup.sh'
[8.673s] INFO:colcon.colcon_core.shell:Creating prefix script '/home/raspi/mpmc_ws/install/local_setup.bash'
[8.675s] INFO:colcon.colcon_core.shell:Creating prefix chain script '/home/raspi/mpmc_ws/install/setup.bash'
[8.724s] INFO:colcon.colcon_core.shell:Creating prefix script '/home/raspi/mpmc_ws/install/local_setup.zsh'
[8.726s] INFO:colcon.colcon_core.shell:Creating prefix chain script '/home/raspi/mpmc_ws/install/setup.zsh'
