running egg_info
writing ../../build/sensor/sensor.egg-info/PKG-INFO
writing dependency_links to ../../build/sensor/sensor.egg-info/dependency_links.txt
writing entry points to ../../build/sensor/sensor.egg-info/entry_points.txt
writing requirements to ../../build/sensor/sensor.egg-info/requires.txt
writing top-level names to ../../build/sensor/sensor.egg-info/top_level.txt
reading manifest file '../../build/sensor/sensor.egg-info/SOURCES.txt'
writing manifest file '../../build/sensor/sensor.egg-info/SOURCES.txt'
running build
running build_py
copying sensor/motor_control.py -> /home/raspi/mpmc_ws/build/sensor/build/lib/sensor
running install
/usr/lib/python3/dist-packages/setuptools/command/install.py:34: SetuptoolsDeprecationWarning: setup.py install is deprecated. Use build and pip and other standards-based tools.
  warnings.warn(
running install_lib
copying /home/raspi/mpmc_ws/build/sensor/build/lib/sensor/motor_control.py -> /home/raspi/mpmc_ws/install/sensor/lib/python3.10/site-packages/sensor
byte-compiling /home/raspi/mpmc_ws/install/sensor/lib/python3.10/site-packages/sensor/motor_control.py to motor_control.cpython-310.pyc
running install_data
running install_egg_info
removing '/home/raspi/mpmc_ws/install/sensor/lib/python3.10/site-packages/sensor-0.0.0-py3.10.egg-info' (and everything under it)
Copying ../../build/sensor/sensor.egg-info to /home/raspi/mpmc_ws/install/sensor/lib/python3.10/site-packages/sensor-0.0.0-py3.10.egg-info
running install_scripts
Installing left_sensor script to /home/raspi/mpmc_ws/install/sensor/lib/sensor
Installing middle_sensor script to /home/raspi/mpmc_ws/install/sensor/lib/sensor
Installing motor_driver script to /home/raspi/mpmc_ws/install/sensor/lib/sensor
Installing right_sensor script to /home/raspi/mpmc_ws/install/sensor/lib/sensor
writing list of installed files to '/home/raspi/mpmc_ws/build/sensor/install.log'
