[2.756s] Invoking command in '/home/raspi/mpmc_ws/src/sensor': PYTHONPATH=/home/raspi/mpmc_ws/build/sensor/prefix_override:/home/raspi/mpmc_ws/install/sensor/lib/python3.10/site-packages:${PYTHONPATH} /usr/bin/python3 setup.py egg_info --egg-base ../../build/sensor build --build-base /home/raspi/mpmc_ws/build/sensor/build install --record /home/raspi/mpmc_ws/build/sensor/install.log --single-version-externally-managed
[3.622s] running egg_info
[3.625s] writing ../../build/sensor/sensor.egg-info/PKG-INFO
[3.626s] writing dependency_links to ../../build/sensor/sensor.egg-info/dependency_links.txt
[3.627s] writing entry points to ../../build/sensor/sensor.egg-info/entry_points.txt
[3.627s] writing requirements to ../../build/sensor/sensor.egg-info/requires.txt
[3.628s] writing top-level names to ../../build/sensor/sensor.egg-info/top_level.txt
[3.635s] reading manifest file '../../build/sensor/sensor.egg-info/SOURCES.txt'
[3.639s] writing manifest file '../../build/sensor/sensor.egg-info/SOURCES.txt'
[3.639s] running build
[3.639s] running build_py
[3.641s] copying sensor/US_middle.py -> /home/raspi/mpmc_ws/build/sensor/build/lib/sensor
[3.642s] running install
[3.643s] /usr/lib/python3/dist-packages/setuptools/command/install.py:34: SetuptoolsDeprecationWarning: setup.py install is deprecated. Use build and pip and other standards-based tools.
[3.643s]   warnings.warn(
[3.644s] running install_lib
[3.648s] copying /home/raspi/mpmc_ws/build/sensor/build/lib/sensor/US_middle.py -> /home/raspi/mpmc_ws/install/sensor/lib/python3.10/site-packages/sensor
[3.651s] byte-compiling /home/raspi/mpmc_ws/install/sensor/lib/python3.10/site-packages/sensor/US_middle.py to US_middle.cpython-310.pyc
[3.654s] running install_data
[3.656s] running install_egg_info
[3.662s] removing '/home/raspi/mpmc_ws/install/sensor/lib/python3.10/site-packages/sensor-0.0.0-py3.10.egg-info' (and everything under it)
[3.664s] Copying ../../build/sensor/sensor.egg-info to /home/raspi/mpmc_ws/install/sensor/lib/python3.10/site-packages/sensor-0.0.0-py3.10.egg-info
[3.668s] running install_scripts
[3.744s] Installing left_sensor script to /home/raspi/mpmc_ws/install/sensor/lib/sensor
[3.744s] Installing middle_sensor script to /home/raspi/mpmc_ws/install/sensor/lib/sensor
[3.745s] Installing motor_driver script to /home/raspi/mpmc_ws/install/sensor/lib/sensor
[3.746s] Installing right_sensor script to /home/raspi/mpmc_ws/install/sensor/lib/sensor
[3.747s] writing list of installed files to '/home/raspi/mpmc_ws/build/sensor/install.log'
[3.860s] Invoked command in '/home/raspi/mpmc_ws/src/sensor' returned '0': PYTHONPATH=/home/raspi/mpmc_ws/build/sensor/prefix_override:/home/raspi/mpmc_ws/install/sensor/lib/python3.10/site-packages:${PYTHONPATH} /usr/bin/python3 setup.py egg_info --egg-base ../../build/sensor build --build-base /home/raspi/mpmc_ws/build/sensor/build install --record /home/raspi/mpmc_ws/build/sensor/install.log --single-version-externally-managed
