[3.507s] Invoking command in '/home/raspi/mpmc_ws/src/sensor': PYTHONPATH=/home/raspi/mpmc_ws/build/sensor/prefix_override:/home/raspi/mpmc_ws/install/sensor/lib/python3.10/site-packages:${PYTHONPATH} /usr/bin/python3 setup.py egg_info --egg-base ../../build/sensor build --build-base /home/raspi/mpmc_ws/build/sensor/build install --record /home/raspi/mpmc_ws/build/sensor/install.log --single-version-externally-managed
[4.369s] running egg_info
[4.372s] writing ../../build/sensor/sensor.egg-info/PKG-INFO
[4.377s] writing dependency_links to ../../build/sensor/sensor.egg-info/dependency_links.txt
[4.378s] writing entry points to ../../build/sensor/sensor.egg-info/entry_points.txt
[4.379s] writing requirements to ../../build/sensor/sensor.egg-info/requires.txt
[4.380s] writing top-level names to ../../build/sensor/sensor.egg-info/top_level.txt
[4.388s] reading manifest file '../../build/sensor/sensor.egg-info/SOURCES.txt'
[4.393s] writing manifest file '../../build/sensor/sensor.egg-info/SOURCES.txt'
[4.394s] running build
[4.394s] running build_py
[4.397s] copying sensor/motor_control.py -> /home/raspi/mpmc_ws/build/sensor/build/lib/sensor
[4.398s] copying sensor/US_middle.py -> /home/raspi/mpmc_ws/build/sensor/build/lib/sensor
[4.400s] running install
[4.401s] /usr/lib/python3/dist-packages/setuptools/command/install.py:34: SetuptoolsDeprecationWarning: setup.py install is deprecated. Use build and pip and other standards-based tools.
[4.402s]   warnings.warn(
[4.402s] running install_lib
[4.408s] copying /home/raspi/mpmc_ws/build/sensor/build/lib/sensor/motor_control.py -> /home/raspi/mpmc_ws/install/sensor/lib/python3.10/site-packages/sensor
[4.409s] copying /home/raspi/mpmc_ws/build/sensor/build/lib/sensor/US_middle.py -> /home/raspi/mpmc_ws/install/sensor/lib/python3.10/site-packages/sensor
[4.412s] byte-compiling /home/raspi/mpmc_ws/install/sensor/lib/python3.10/site-packages/sensor/motor_control.py to motor_control.cpython-310.pyc
[4.414s] byte-compiling /home/raspi/mpmc_ws/install/sensor/lib/python3.10/site-packages/sensor/US_middle.py to US_middle.cpython-310.pyc
[4.417s] running install_data
[4.421s] running install_egg_info
[4.427s] removing '/home/raspi/mpmc_ws/install/sensor/lib/python3.10/site-packages/sensor-0.0.0-py3.10.egg-info' (and everything under it)
[4.429s] Copying ../../build/sensor/sensor.egg-info to /home/raspi/mpmc_ws/install/sensor/lib/python3.10/site-packages/sensor-0.0.0-py3.10.egg-info
[4.438s] running install_scripts
[4.515s] Installing left_sensor script to /home/raspi/mpmc_ws/install/sensor/lib/sensor
[4.520s] Installing middle_sensor script to /home/raspi/mpmc_ws/install/sensor/lib/sensor
[4.521s] Installing right_sensor script to /home/raspi/mpmc_ws/install/sensor/lib/sensor
[4.523s] writing list of installed files to '/home/raspi/mpmc_ws/build/sensor/install.log'
[4.635s] Invoked command in '/home/raspi/mpmc_ws/src/sensor' returned '0': PYTHONPATH=/home/raspi/mpmc_ws/build/sensor/prefix_override:/home/raspi/mpmc_ws/install/sensor/lib/python3.10/site-packages:${PYTHONPATH} /usr/bin/python3 setup.py egg_info --egg-base ../../build/sensor build --build-base /home/raspi/mpmc_ws/build/sensor/build install --record /home/raspi/mpmc_ws/build/sensor/install.log --single-version-externally-managed
