/home/raspi/mpmc_ws/install/sensor/lib/python3.10/site-packages/sensor/US_left.py
/home/raspi/mpmc_ws/install/sensor/lib/python3.10/site-packages/sensor/US_right.py
/home/raspi/mpmc_ws/install/sensor/lib/python3.10/site-packages/sensor/motor_control.py
/home/raspi/mpmc_ws/install/sensor/lib/python3.10/site-packages/sensor/__init__.py
/home/raspi/mpmc_ws/install/sensor/lib/python3.10/site-packages/sensor/US_middle.py
/home/raspi/mpmc_ws/install/sensor/lib/python3.10/site-packages/sensor/__pycache__/US_left.cpython-310.pyc
/home/raspi/mpmc_ws/install/sensor/lib/python3.10/site-packages/sensor/__pycache__/US_right.cpython-310.pyc
/home/raspi/mpmc_ws/install/sensor/lib/python3.10/site-packages/sensor/__pycache__/motor_control.cpython-310.pyc
/home/raspi/mpmc_ws/install/sensor/lib/python3.10/site-packages/sensor/__pycache__/__init__.cpython-310.pyc
/home/raspi/mpmc_ws/install/sensor/lib/python3.10/site-packages/sensor/__pycache__/US_middle.cpython-310.pyc
/home/raspi/mpmc_ws/install/sensor/share/ament_index/resource_index/packages/sensor
/home/raspi/mpmc_ws/install/sensor/share/sensor/package.xml
/home/raspi/mpmc_ws/install/sensor/lib/python3.10/site-packages/sensor-0.0.0-py3.10.egg-info/entry_points.txt
/home/raspi/mpmc_ws/install/sensor/lib/python3.10/site-packages/sensor-0.0.0-py3.10.egg-info/SOURCES.txt
/home/raspi/mpmc_ws/install/sensor/lib/python3.10/site-packages/sensor-0.0.0-py3.10.egg-info/dependency_links.txt
/home/raspi/mpmc_ws/install/sensor/lib/python3.10/site-packages/sensor-0.0.0-py3.10.egg-info/PKG-INFO
/home/raspi/mpmc_ws/install/sensor/lib/python3.10/site-packages/sensor-0.0.0-py3.10.egg-info/zip-safe
/home/raspi/mpmc_ws/install/sensor/lib/python3.10/site-packages/sensor-0.0.0-py3.10.egg-info/requires.txt
/home/raspi/mpmc_ws/install/sensor/lib/python3.10/site-packages/sensor-0.0.0-py3.10.egg-info/top_level.txt
/home/raspi/mpmc_ws/install/sensor/lib/sensor/left_sensor
/home/raspi/mpmc_ws/install/sensor/lib/sensor/middle_sensor
/home/raspi/mpmc_ws/install/sensor/lib/sensor/motor_driver
/home/raspi/mpmc_ws/install/sensor/lib/sensor/right_sensor
