[2.732s] Invoking command in '/home/raspi/mpmc_ws/src/sensor': PYTHONPATH=/home/raspi/mpmc_ws/build/sensor/prefix_override:/home/raspi/mpmc_ws/install/sensor/lib/python3.10/site-packages:${PYTHONPATH} /usr/bin/python3 setup.py egg_info --egg-base ../../build/sensor build --build-base /home/raspi/mpmc_ws/build/sensor/build install --record /home/raspi/mpmc_ws/build/sensor/install.log --single-version-externally-managed
[3.590s] running egg_info
[3.592s] writing ../../build/sensor/sensor.egg-info/PKG-INFO
[3.593s] writing dependency_links to ../../build/sensor/sensor.egg-info/dependency_links.txt
[3.594s] writing entry points to ../../build/sensor/sensor.egg-info/entry_points.txt
[3.595s] writing requirements to ../../build/sensor/sensor.egg-info/requires.txt
[3.595s] writing top-level names to ../../build/sensor/sensor.egg-info/top_level.txt
[3.603s] reading manifest file '../../build/sensor/sensor.egg-info/SOURCES.txt'
[3.606s] writing manifest file '../../build/sensor/sensor.egg-info/SOURCES.txt'
[3.607s] running build
[3.607s] running build_py
[3.608s] copying sensor/US_right.py -> /home/raspi/mpmc_ws/build/sensor/build/lib/sensor
[3.610s] running install
[3.610s] /usr/lib/python3/dist-packages/setuptools/command/install.py:34: SetuptoolsDeprecationWarning: setup.py install is deprecated. Use build and pip and other standards-based tools.
[3.611s]   warnings.warn(
[3.611s] running install_lib
[3.615s] copying /home/raspi/mpmc_ws/build/sensor/build/lib/sensor/US_right.py -> /home/raspi/mpmc_ws/install/sensor/lib/python3.10/site-packages/sensor
[3.618s] byte-compiling /home/raspi/mpmc_ws/install/sensor/lib/python3.10/site-packages/sensor/US_right.py to US_right.cpython-310.pyc
[3.621s] running install_data
[3.623s] running install_egg_info
[3.629s] removing '/home/raspi/mpmc_ws/install/sensor/lib/python3.10/site-packages/sensor-0.0.0-py3.10.egg-info' (and everything under it)
[3.631s] Copying ../../build/sensor/sensor.egg-info to /home/raspi/mpmc_ws/install/sensor/lib/python3.10/site-packages/sensor-0.0.0-py3.10.egg-info
[3.635s] running install_scripts
[3.711s] Installing left_sensor script to /home/raspi/mpmc_ws/install/sensor/lib/sensor
[3.711s] Installing middle_sensor script to /home/raspi/mpmc_ws/install/sensor/lib/sensor
[3.712s] Installing right_sensor script to /home/raspi/mpmc_ws/install/sensor/lib/sensor
[3.714s] writing list of installed files to '/home/raspi/mpmc_ws/build/sensor/install.log'
[3.826s] Invoked command in '/home/raspi/mpmc_ws/src/sensor' returned '0': PYTHONPATH=/home/raspi/mpmc_ws/build/sensor/prefix_override:/home/raspi/mpmc_ws/install/sensor/lib/python3.10/site-packages:${PYTHONPATH} /usr/bin/python3 setup.py egg_info --egg-base ../../build/sensor build --build-base /home/raspi/mpmc_ws/build/sensor/build install --record /home/raspi/mpmc_ws/build/sensor/install.log --single-version-externally-managed
