[2.783s] Invoking command in '/home/raspi/mpmc_ws/src/sensor': PYTHONPATH=/home/raspi/mpmc_ws/build/sensor/prefix_override:/home/raspi/mpmc_ws/install/sensor/lib/python3.10/site-packages:${PYTHONPATH} /usr/bin/python3 setup.py egg_info --egg-base ../../build/sensor build --build-base /home/raspi/mpmc_ws/build/sensor/build install --record /home/raspi/mpmc_ws/build/sensor/install.log --single-version-externally-managed
[3.642s] running egg_info
[3.644s] writing ../../build/sensor/sensor.egg-info/PKG-INFO
[3.645s] writing dependency_links to ../../build/sensor/sensor.egg-info/dependency_links.txt
[3.646s] writing entry points to ../../build/sensor/sensor.egg-info/entry_points.txt
[3.647s] writing requirements to ../../build/sensor/sensor.egg-info/requires.txt
[3.647s] writing top-level names to ../../build/sensor/sensor.egg-info/top_level.txt
[3.654s] reading manifest file '../../build/sensor/sensor.egg-info/SOURCES.txt'
[3.658s] writing manifest file '../../build/sensor/sensor.egg-info/SOURCES.txt'
[3.659s] running build
[3.659s] running build_py
[3.660s] copying sensor/US_right.py -> /home/raspi/mpmc_ws/build/sensor/build/lib/sensor
[3.662s] running install
[3.662s] /usr/lib/python3/dist-packages/setuptools/command/install.py:34: SetuptoolsDeprecationWarning: setup.py install is deprecated. Use build and pip and other standards-based tools.
[3.663s]   warnings.warn(
[3.663s] running install_lib
[3.667s] copying /home/raspi/mpmc_ws/build/sensor/build/lib/sensor/US_right.py -> /home/raspi/mpmc_ws/install/sensor/lib/python3.10/site-packages/sensor
[3.670s] byte-compiling /home/raspi/mpmc_ws/install/sensor/lib/python3.10/site-packages/sensor/US_right.py to US_right.cpython-310.pyc
[3.673s] running install_data
[3.675s] running install_egg_info
[3.681s] removing '/home/raspi/mpmc_ws/install/sensor/lib/python3.10/site-packages/sensor-0.0.0-py3.10.egg-info' (and everything under it)
[3.682s] Copying ../../build/sensor/sensor.egg-info to /home/raspi/mpmc_ws/install/sensor/lib/python3.10/site-packages/sensor-0.0.0-py3.10.egg-info
[3.687s] running install_scripts
[3.762s] Installing left_sensor script to /home/raspi/mpmc_ws/install/sensor/lib/sensor
[3.763s] Installing middle_sensor script to /home/raspi/mpmc_ws/install/sensor/lib/sensor
[3.764s] Installing right_sensor script to /home/raspi/mpmc_ws/install/sensor/lib/sensor
[3.765s] writing list of installed files to '/home/raspi/mpmc_ws/build/sensor/install.log'
[3.876s] Invoked command in '/home/raspi/mpmc_ws/src/sensor' returned '0': PYTHONPATH=/home/raspi/mpmc_ws/build/sensor/prefix_override:/home/raspi/mpmc_ws/install/sensor/lib/python3.10/site-packages:${PYTHONPATH} /usr/bin/python3 setup.py egg_info --egg-base ../../build/sensor build --build-base /home/raspi/mpmc_ws/build/sensor/build install --record /home/raspi/mpmc_ws/build/sensor/install.log --single-version-externally-managed
